 The followings are the solutions of Example 10.1
 
 (a) The displacements of each node
     u1 =  0.00006 in.     v1=  0.06680 in.
     u2 =  0.01732 in.     v2=  0.00250 in.
     u3 =  0.00186 in.     v3= -0.02916 in.
     u4 = -0.00658 in.     v4= -0.00406 in.
     u5 =  0.00710 in.     v5=  0.00438 in.
     u6 = -0.00062 in.     v6=  0.00240 in.
     u7 = -0.00382 in.     v7= -0.00297 in.
     u8 = -0.00131 in.     v8= -0.00217 in.
     u9 =  0.00391 in.     v9= -0.00364 in.
 
 (b) The element forces
 
 (1) Element 1
      fx_1       fy_1        fx_5         fy_5         fx_6        fy_6        fx_8        fy_8
    58747.50   170749.47    39645.10    37980.83   -64320.85   -92988.93   -34071.74  -115741.36
 
 (2) Element 2
      fx_2       fy_2        fx_5         fy_5         fx_6        fy_6        fx_9        fy_9
     8632.81    32813.30   -12850.54   -24662.16    -6856.92   -34476.17    11074.65    26325.02
 
 (3) Element 3
      fx_3       fy_3        fx_6         fy_6         fx_7        fy_7        fx_9        fy_9
   -64510.13  -100475.11   -56782.84   -15838.74    72111.44    52286.70    49181.53    64027.14
 
 (4) Element 4
      fx_4       fy_4        fx_6         fy_6         fx_7        fy_7        fx_8        fy_8
   -14810.29    -7740.12   -19146.72    -6496.11    16744.34     8380.62    17212.66     5855.62
 
